0 info it worked if it ends with ok
1 verbose cli [ 'node', '/usr/bin/npm', 'version', '1.1.1' ]
2 info using npm@2.1.6
3 info using node@v0.10.22
4 verbose node symlink /usr/bin/node
5 info git [ 'status', '--porcelain' ]
6 verbose stack Error: Git working directory not clean.
6 verbose stack M package.json
6 verbose stack     at /usr/lib/node_modules/npm/lib/version.js:101:33
6 verbose stack     at ChildProcess.exithandler (child_process.js:635:7)
6 verbose stack     at ChildProcess.EventEmitter.emit (events.js:98:17)
6 verbose stack     at maybeClose (child_process.js:735:16)
6 verbose stack     at Socket.<anonymous> (child_process.js:948:11)
6 verbose stack     at Socket.EventEmitter.emit (events.js:95:17)
6 verbose stack     at Pipe.close (net.js:466:12)
7 verbose cwd /var/nodejs/node-oauth
8 error Linux 3.2.0-20-generic
9 error argv "node" "/usr/bin/npm" "version" "1.1.1"
10 error node v0.10.22
11 error npm  v2.1.6
12 error Git working directory not clean.
12 error M package.json
13 error If you need help, you may report this error at:
13 error     <http://github.com/npm/npm/issues>
14 verbose exit [ 1, true ]
